<?xml version='1.0' encoding='UTF-8'?>
<testsuite hostname="CalebBuild-Ver-1" name="com.CBoswell963.pokemondb.HelloSpec" tests="1" errors="0" failures="0" skipped="0" time="0.007" timestamp="2025-05-15T23:03:26">
          <properties>
[...]
</properties>
          <testcase classname="com.CBoswell963.pokemondb.HelloSpec" name="Dummy test runs correctly" time="0.007">
                      
                    </testcase>
          <system-out><![CDATA[]]></system-out>
          <system-err><![CDATA[]]></system-err>
        </testsuite>